find_ini_section() - No Section found from INIfind_ini_section() - No Section found from INIfind_ini_section() - No Section found from INI17-07-10 00:34:47: find_ini_section() - CIDR-Mathcing found!17-07-10 00:37:22: find_ini_section() - CIDR-Mathcing found!
17-07-10 00:37:32: find_ini_section() - CIDR-Mathcing found!
17-07-10 00:51:41: find_ini_section() - CIDR-Mathcing found!
17-07-10 00:51:43: find_ini_section() - CIDR-Mathcing found!
17-07-10 00:51:52: find_ini_section() - CIDR-Mathcing found!
17-07-10 23:21:39: find_ini_section() - CIDR-Mathcing found!
17-07-11 00:06:24: find_ini_section() - No matching Environment name found
17-07-11 00:06:24: find_ini_section() - No Section found from INI
17-07-11 00:16:13: find_ini_section() - No matching Environment name found
17-07-11 00:16:13: find_ini_section() - No Section found from INI
17-07-11 00:39:15: find_ini_section() - No matching Environment name found
17-07-11 00:39:15: find_ini_section() - No Section found from INI
17-07-11 00:39:18: find_ini_section() - No matching Environment name found
17-07-11 00:39:18: find_ini_section() - No Section found from INI
17-07-11 00:42:33: find_ini_section() - No matching Environment name found
17-07-11 00:42:33: find_ini_section() - No Section found from INI
17-07-11 00:44:33: find_ini_section() - No matching Environment name found
17-07-11 00:44:33: find_ini_section() - No Section found from INI
17-07-11 00:45:22: find_ini_section() - No matching Environment name found
17-07-11 00:45:22: find_ini_section() - No Section found from INI
17-07-11 00:47:23: find_ini_section() - CIDR-Mathcing found!
17-07-11 00:47:35: find_ini_section() - CIDR-Mathcing found!
17-07-11 00:50:28: find_ini_section() - CIDR-Mathcing found!
17-07-11 00:50:59: find_ini_section() - CIDR-Mathcing found!
17-07-11 00:50:59: new_vs_simulate.php active_ltm name:  
17-07-11 00:52:17: find_ini_section() - CIDR-Mathcing found!DC2_EXT_UTILITY_DEVICES
17-07-11 00:55:10: find_ini_section() - CIDR-Mathcing found!DC2_EXT_UTILITY_DEVICES
17-07-11 00:55:10: new_vs_simulate.php active_ltm name: dc2-f5c1ext7-utility.net.umb.com 
17-07-11 00:59:58: find_ini_section() - CIDR-Mathcing found!DC2_EXT_UTILITY_DEVICES
17-07-11 01:00:09: find_ini_section() - CIDR-Mathcing found!DC2_EXT_UTILITY_DEVICES
17-07-11 01:00:47: find_ini_section() - CIDR-Mathcing found!DC2_EXT_UTILITY_DEVICES
17-07-11 01:02:06: find_ini_section() - CIDR-Mathcing found!DC2_EXT_UTILITY_DEVICES
17-07-11 01:02:16: find_ini_section() - CIDR-Mathcing found!DC2_EXT_UTILITY_DEVICES
17-07-11 01:05:09: find_ini_section() - CIDR-Mathcing found!DC2_EXT_UTILITY_DEVICES
17-07-11 01:06:50: find_ini_section() - CIDR-Mathcing found!DC2_EXT_UTILITY_DEVICES
17-07-11 01:07:37: find_ini_section() - CIDR-Mathcing found!DC2_EXT_UTILITY_DEVICES
17-07-11 01:08:55: find_ini_section() - CIDR-Mathcing found!DC2_EXT_UTILITY_DEVICES
17-07-11 01:09:24: find_ini_section() - CIDR-Mathcing found!DC2_EXT_UTILITY_DEVICES
17-07-11 01:10:46: find_ini_section() - CIDR-Mathcing found!DC2_EXT_UTILITY_DEVICES
17-07-11 01:10:54: find_ini_section() - CIDR-Mathcing found!DC2_EXT_UTILITY_DEVICES
17-07-11 01:10:58: find_ini_section() - CIDR-Mathcing found!DC2_EXT_UTILITY_DEVICES
17-07-11 01:11:45: find_ini_section() - CIDR-Mathcing found!DC2_EXT_UTILITY_DEVICES
17-07-11 01:12:03: find_ini_section() - CIDR-Mathcing found!DC2_EXT_UTILITY_DEVICES
17-07-11 01:13:30: find_ini_section() - CIDR-Mathcing found!DC2_EXT_UTILITY_DEVICES
17-07-11 01:14:01: find_ini_section() - CIDR-Mathcing found!DC2_EXT_UTILITY_DEVICES
17-07-11 01:14:31: find_ini_section() - CIDR-Mathcing found!DC2_EXT_UTILITY_DEVICES
17-07-11 01:15:45: find_ini_section() - CIDR-Mathcing found!DC2_EXT_UTILITY_DEVICES
17-07-11 01:15:59: find_ini_section() - CIDR-Mathcing found!DC2_EXT_UTILITY_DEVICES
17-07-11 01:16:44: find_ini_section() - CIDR-Mathcing found!DC2_EXT_UTILITY_DEVICES
17-07-11 01:20:08: find_ini_section() - CIDR-Mathcing found!DC2_EXT_UTILITY_DEVICES
17-07-11 01:32:35: find_ini_section() - CIDR-Mathcing found!DC2_EXT_UTILITY_DEVICES
17-07-11 01:32:49: find_ini_section() - CIDR-Mathcing found!DC2_EXT_UTILITY_DEVICES
17-07-11 01:33:36: find_ini_section() - CIDR-Mathcing found!DC2_EXT_UTILITY_DEVICES
17-07-11 01:33:58: find_ini_section() - CIDR-Mathcing found!DC2_EXT_UTILITY_DEVICES
17-07-11 01:34:11: find_ini_section() - CIDR-Mathcing found!DC2_EXT_UTILITY_DEVICES
17-07-11 01:37:07: find_ini_section() - CIDR-Mathcing found!DC2_EXT_UTILITY_DEVICES
17-07-11 01:42:16: find_ini_section() - CIDR-Mathcing found!DC2_EXT_UTILITY_DEVICES
17-07-11 01:42:25: find_ini_section() - CIDR-Mathcing found!DC2_EXT_UTILITY_DEVICES
17-07-13 00:26:49: find_ini_section() - CIDR-Mathcing found!DC2_EXT_UTILITY_DEVICES
17-07-13 00:32:21: find_ini_section() - CIDR-Mathcing found!DC2_EXT_UTILITY_DEVICES
17-07-13 00:33:25: find_ini_section() - CIDR-Mathcing found!DC2_EXT_UTILITY_DEVICES
17-07-13 00:34:23: find_ini_section() - CIDR-Mathcing found!DC2_EXT_UTILITY_DEVICES
17-07-13 00:34:56: find_ini_section() - CIDR-Mathcing found!DC2_EXT_UTILITY_DEVICES
17-07-13 00:39:08: find_ini_section() - CIDR-Mathcing found!DC2_EXT_UTILITY_DEVICES
17-07-13 00:40:40: find_ini_section() - CIDR-Mathcing found!DC2_EXT_UTILITY_DEVICES
17-07-13 00:41:03: find_ini_section() - CIDR-Mathcing found!DC2_EXT_UTILITY_DEVICES
17-07-13 00:44:01: find_ini_section() - CIDR-Mathcing found!DC2_EXT_UTILITY_DEVICES
17-07-13 00:44:04: find_ini_section() - CIDR-Mathcing found!DC2_EXT_UTILITY_DEVICES
17-07-13 00:44:05: find_ini_section() - CIDR-Mathcing found!DC2_EXT_UTILITY_DEVICES
17-07-13 00:44:15: find_ini_section() - CIDR-Mathcing found!DC2_EXT_UTILITY_DEVICES
17-07-13 00:44:18: find_ini_section() - CIDR-Mathcing found!DC2_EXT_UTILITY_DEVICES
17-07-13 00:44:54: find_ini_section() - CIDR-Mathcing found!DC2_EXT_UTILITY_DEVICES
17-07-13 00:45:29: find_ini_section() - CIDR-Mathcing found!DC2_EXT_UTILITY_DEVICES
17-07-13 00:45:30: find_ini_section() - CIDR-Mathcing found!DC2_EXT_UTILITY_DEVICES
17-07-13 00:45:31: find_ini_section() - CIDR-Mathcing found!DC2_EXT_UTILITY_DEVICES
17-07-13 00:45:40: find_ini_section() - CIDR-Mathcing found!DC2_EXT_UTILITY_DEVICES
17-07-13 00:46:47: find_ini_section() - CIDR-Mathcing found!DC2_EXT_UTILITY_DEVICES
17-07-13 00:47:07: find_ini_section() - CIDR-Mathcing found!DC2_EXT_UTILITY_DEVICES
17-07-13 00:47:08: find_ini_section() - CIDR-Mathcing found!DC2_EXT_UTILITY_DEVICES
17-07-13 00:47:24: find_ini_section() - CIDR-Mathcing found!DC2_EXT_UTILITY_DEVICES
17-07-13 00:49:38: find_ini_section() - CIDR-Mathcing found!DC2_EXT_UTILITY_DEVICES
17-07-13 00:49:39: find_ini_section() - CIDR-Mathcing found!DC2_EXT_UTILITY_DEVICES
17-07-13 00:49:47: find_ini_section() - CIDR-Mathcing found!DC2_EXT_UTILITY_DEVICES
17-07-13 00:50:09: find_ini_section() - CIDR-Mathcing found!DC2_EXT_UTILITY_DEVICES
17-07-13 00:50:15: find_ini_section() - CIDR-Mathcing found!DC2_EXT_UTILITY_DEVICES
17-07-13 00:50:50: find_ini_section() - CIDR-Mathcing found!DC2_EXT_UTILITY_DEVICES
17-07-13 00:50:51: find_ini_section() - CIDR-Mathcing found!DC2_EXT_UTILITY_DEVICES
17-07-13 00:50:51: find_ini_section() - CIDR-Mathcing found!DC2_EXT_UTILITY_DEVICES
17-07-13 00:51:13: find_ini_section() - CIDR-Mathcing found!DC2_EXT_UTILITY_DEVICES
17-07-13 00:51:15: find_ini_section() - CIDR-Mathcing found!DC2_EXT_UTILITY_DEVICES
17-07-13 00:51:16: find_ini_section() - CIDR-Mathcing found!DC2_EXT_UTILITY_DEVICES
17-07-13 00:51:26: find_ini_section() - CIDR-Mathcing found!DC2_EXT_UTILITY_DEVICES
17-07-13 00:51:34: find_ini_section() - CIDR-Mathcing found!DC2_EXT_UTILITY_DEVICES
17-07-13 00:51:35: find_ini_section() - CIDR-Mathcing found!DC2_EXT_UTILITY_DEVICES
17-07-13 00:51:49: find_ini_section() - CIDR-Mathcing found!DC2_EXT_UTILITY_DEVICES
17-07-13 00:51:52: find_ini_section() - CIDR-Mathcing found!DC2_EXT_UTILITY_DEVICES
17-07-13 00:51:55: find_ini_section() - CIDR-Mathcing found!DC2_EXT_UTILITY_DEVICES
17-07-13 00:51:56: find_ini_section() - CIDR-Mathcing found!DC2_EXT_UTILITY_DEVICES
17-07-13 00:52:01: find_ini_section() - CIDR-Mathcing found!DC2_EXT_UTILITY_DEVICES
17-07-13 00:52:02: find_ini_section() - CIDR-Mathcing found!DC2_EXT_UTILITY_DEVICES
17-07-13 00:53:40: find_ini_section() - CIDR-Mathcing found!DC2_EXT_UTILITY_DEVICES
17-07-13 00:53:42: find_ini_section() - CIDR-Mathcing found!DC2_EXT_UTILITY_DEVICES
17-07-13 00:53:48: find_ini_section() - CIDR-Mathcing found!DC2_EXT_UTILITY_DEVICES
17-07-13 00:53:50: find_ini_section() - CIDR-Mathcing found!DC2_EXT_UTILITY_DEVICES
17-07-13 00:55:08: find_ini_section() - CIDR-Mathcing found!DC2_EXT_UTILITY_DEVICES
17-07-13 00:55:09: find_ini_section() - CIDR-Mathcing found!DC2_EXT_UTILITY_DEVICES
17-07-13 00:55:22: find_ini_section() - CIDR-Mathcing found!DC2_EXT_UTILITY_DEVICES
17-07-13 00:55:45: find_ini_section() - CIDR-Mathcing found!DC2_EXT_UTILITY_DEVICES
17-07-13 00:55:53: find_ini_section() - CIDR-Mathcing found!DC2_EXT_UTILITY_DEVICES
17-07-13 00:55:54: find_ini_section() - CIDR-Mathcing found!DC2_EXT_UTILITY_DEVICES
17-07-13 01:05:37: find_ini_section() - CIDR-Mathcing found!DC2_EXT_UTILITY_DEVICES
17-07-13 01:06:25: find_ini_section() - CIDR-Mathcing found!DC2_EXT_UTILITY_DEVICES
17-07-13 01:07:33: find_ini_section() - CIDR-Mathcing found!DC2_EXT_UTILITY_DEVICES
17-07-13 01:07:35: find_ini_section() - CIDR-Mathcing found!DC2_EXT_UTILITY_DEVICES
17-07-13 01:08:32: find_ini_section() - CIDR-Mathcing found!DC2_EXT_UTILITY_DEVICES
17-07-13 01:18:10: find_ini_section() - CIDR-Mathcing found!DC2_EXT_UTILITY_DEVICES
17-07-13 01:18:17: find_ini_section() - CIDR-Mathcing found!DC2_EXT_UTILITY_DEVICES
17-07-13 01:18:53: find_ini_section() - CIDR-Mathcing found!DC2_EXT_UTILITY_DEVICES
17-07-13 01:22:06: find_ini_section() - CIDR-Mathcing found!DC2_EXT_UTILITY_DEVICES
17-07-13 01:22:10: find_ini_section() - CIDR-Mathcing found!DC2_EXT_UTILITY_DEVICES
17-07-13 01:27:53: find_ini_section() - CIDR-Mathcing found!DC2_EXT_UTILITY_DEVICES
17-07-13 01:27:59: find_ini_section() - CIDR-Mathcing found!DC2_EXT_UTILITY_DEVICES
17-07-15 13:55:14: find_ini_section() - CIDR-Mathcing found!DC2_EXT_UTILITY_DEVICES
17-07-15 14:17:46: find_ini_section() - CIDR-Mathcing found!DC2_EXT_UTILITY_DEVICES
17-07-15 14:19:32: find_ini_section() - CIDR-Mathcing found!DC2_EXT_UTILITY_DEVICES
17-07-15 14:23:07: find_ini_section() - CIDR-Mathcing found!DC2_EXT_UTILITY_DEVICES
17-07-15 14:25:10: find_ini_section() - CIDR-Mathcing found!DC2_EXT_UTILITY_DEVICES
17-07-15 14:25:26: find_ini_section() - CIDR-Mathcing found!DC2_EXT_UTILITY_DEVICES
17-07-15 14:27:37: find_ini_section() - CIDR-Mathcing found!DC2_EXT_UTILITY_DEVICES
17-07-15 14:51:39: find_ini_section() - CIDR-Mathcing found!DC2_EXT_UTILITY_DEVICES
17-07-15 14:52:07: find_ini_section() - CIDR-Mathcing found!DC2_EXT_UTILITY_DEVICES
17-07-15 14:53:25: find_ini_section() - CIDR-Mathcing found!DC2_EXT_UTILITY_DEVICES
17-07-15 15:03:57: find_ini_section() - CIDR-Mathcing found!DC2_EXT_UTILITY_DEVICES
17-07-15 15:05:28: find_ini_section() - CIDR-Mathcing found!DC2_EXT_UTILITY_DEVICES
17-07-15 15:10:39: find_ini_section() - CIDR-Mathcing found!DC2_EXT_UTILITY_DEVICES
17-07-15 15:11:21: find_ini_section() - CIDR-Mathcing found!DC2_EXT_UTILITY_DEVICES
17-07-15 15:22:45: find_ini_section() - CIDR-Mathcing found!DC2_EXT_UTILITY_DEVICES
17-07-15 15:23:11: find_ini_section() - CIDR-Mathcing found!DC2_EXT_UTILITY_DEVICES
17-07-15 15:23:38: find_ini_section() - CIDR-Mathcing found!DC2_EXT_UTILITY_DEVICES
17-07-15 15:24:06: find_ini_section() - CIDR-Mathcing found!DC2_EXT_UTILITY_DEVICES
17-07-15 15:46:53: find_ini_section() - CIDR-Mathcing found!DC2_EXT_UTILITY_DEVICES
17-07-15 19:53:08: find_ini_section() - CIDR-Mathcing found!DC2_EXT_UTILITY_DEVICES
17-07-15 19:53:14: find_ini_section() - CIDR-Mathcing found!DC2_EXT_UTILITY_DEVICES
17-07-15 19:53:39: find_ini_section() - CIDR-Mathcing found!DC2_EXT_UTILITY_DEVICES
17-07-15 19:56:19: find_ini_section() - CIDR-Mathcing found!DC2_EXT_UTILITY_DEVICES
17-07-15 19:58:04: find_ini_section() - CIDR-Mathcing found!DC2_EXT_UTILITY_DEVICES
17-07-15 20:02:34: find_ini_section() - CIDR-Mathcing found!DC2_EXT_UTILITY_DEVICES
17-07-15 20:03:34: find_ini_section() - CIDR-Mathcing found!DC2_EXT_UTILITY_DEVICES
17-07-15 20:03:58: find_ini_section() - CIDR-Mathcing found!DC2_EXT_UTILITY_DEVICES
17-07-15 20:04:14: find_ini_section() - CIDR-Mathcing found!DC2_EXT_UTILITY_DEVICES
17-07-15 20:13:30: find_ini_section() - CIDR-Mathcing found!DC2_EXT_UTILITY_DEVICES
17-07-15 20:13:59: find_ini_section() - CIDR-Mathcing found!DC2_EXT_UTILITY_DEVICES
17-07-15 20:15:35: find_ini_section() - CIDR-Mathcing found!DC2_EXT_UTILITY_DEVICES
17-07-15 20:15:39: find_ini_section() - CIDR-Mathcing found!DC2_EXT_UTILITY_DEVICES
17-07-15 20:17:44: find_ini_section() - CIDR-Mathcing found!DC2_EXT_UTILITY_DEVICES
17-07-15 20:22:12: find_ini_section() - CIDR-Mathcing found!DC2_EXT_UTILITY_DEVICES
17-07-15 20:22:38: find_ini_section() - CIDR-Mathcing found!DC2_EXT_UTILITY_DEVICES
17-07-15 20:54:02: find_ini_section() - CIDR-Mathcing found!DC2_EXT_UTILITY_DEVICES
17-07-15 20:57:32: find_ini_section() - CIDR-Mathcing found!DC2_EXT_UTILITY_DEVICES
17-07-15 20:59:42: find_ini_section() - CIDR-Mathcing found!DC2_EXT_UTILITY_DEVICES
17-07-15 20:59:49: find_ini_section() - CIDR-Mathcing found!DC2_EXT_UTILITY_DEVICES
17-07-15 21:02:16: find_ini_section() - CIDR-Mathcing found!DC2_EXT_UTILITY_DEVICES
17-07-15 23:15:16: find_ini_section() - CIDR-Mathcing found!DC2_EXT_UTILITY_DEVICES
17-07-15 23:15:24: find_ini_section() - CIDR-Mathcing found!DC2_EXT_UTILITY_DEVICES
17-07-15 23:16:02: find_ini_section() - CIDR-Mathcing found!DC2_EXT_UTILITY_DEVICES
17-07-15 23:17:19: find_ini_section() - CIDR-Mathcing found!DC2_EXT_UTILITY_DEVICES
17-07-15 23:18:53: find_ini_section() - CIDR-Mathcing found!DC2_EXT_UTILITY_DEVICES
17-07-15 23:18:58: find_ini_section() - CIDR-Mathcing found!DC2_EXT_UTILITY_DEVICES
17-07-15 23:19:26: find_ini_section() - CIDR-Mathcing found!DC2_EXT_UTILITY_DEVICES
17-07-15 23:19:44: find_ini_section() - CIDR-Mathcing found!DC2_EXT_UTILITY_DEVICES
17-07-15 23:21:42: find_ini_section() - CIDR-Mathcing found!DC2_EXT_UTILITY_DEVICES
17-07-15 23:23:28: find_ini_section() - CIDR-Mathcing found!DC2_EXT_UTILITY_DEVICES
17-07-15 23:23:38: find_ini_section() - CIDR-Mathcing found!DC2_EXT_UTILITY_DEVICES
17-07-15 23:24:06: find_ini_section() - CIDR-Mathcing found!DC2_EXT_UTILITY_DEVICES
17-07-15 23:24:17: find_ini_section() - CIDR-Mathcing found!DC2_EXT_UTILITY_DEVICES
17-07-15 23:24:59: find_ini_section() - CIDR-Mathcing found!DC2_EXT_UTILITY_DEVICES
17-07-15 23:25:27: find_ini_section() - CIDR-Mathcing found!DC2_EXT_UTILITY_DEVICES
17-07-15 23:25:53: find_ini_section() - CIDR-Mathcing found!DC2_EXT_UTILITY_DEVICES
17-07-15 23:37:47: find_ini_section() - CIDR-Mathcing found!DC2_EXT_UTILITY_DEVICES
17-07-15 23:38:14: find_ini_section() - CIDR-Mathcing found!DC2_EXT_UTILITY_DEVICES
17-07-15 23:38:17: find_ini_section() - CIDR-Mathcing found!DC2_EXT_UTILITY_DEVICES
17-07-15 23:40:18: find_ini_section() - CIDR-Mathcing found!DC2_EXT_UTILITY_DEVICES
17-07-15 23:40:41: find_ini_section() - CIDR-Mathcing found!DC2_EXT_UTILITY_DEVICES
17-07-15 23:41:27: find_ini_section() - CIDR-Mathcing found!DC2_EXT_UTILITY_DEVICES
17-07-15 23:41:36: find_ini_section() - CIDR-Mathcing found!DC2_EXT_UTILITY_DEVICES
17-07-15 23:42:29: find_ini_section() - CIDR-Mathcing found!DC2_EXT_UTILITY_DEVICES
17-07-15 23:42:32: find_ini_section() - CIDR-Mathcing found!DC2_EXT_UTILITY_DEVICES
17-07-15 23:50:33: find_ini_section() - CIDR-Mathcing found!DC2_EXT_UTILITY_DEVICES
17-07-15 23:52:52: find_ini_section() - CIDR-Mathcing found!DC2_EXT_UTILITY_DEVICES
17-07-15 23:57:06: find_ini_section() - CIDR-Mathcing found!DC2_EXT_UTILITY_DEVICES
17-07-16 00:01:23: find_ini_section() - CIDR-Mathcing found!DC2_EXT_UTILITY_DEVICES
17-07-16 00:01:24: find_ini_section() - CIDR-Mathcing found!DC2_EXT_UTILITY_DEVICES
17-07-16 00:07:40: find_ini_section() - CIDR-Mathcing found!DC2_EXT_UTILITY_DEVICES
17-07-16 00:10:24: find_ini_section() - CIDR-Mathcing found!DC2_EXT_UTILITY_DEVICES
17-07-16 00:12:13: find_ini_section() - CIDR-Mathcing found!DC2_EXT_UTILITY_DEVICES
17-07-16 00:13:10: find_ini_section() - CIDR-Mathcing found!DC2_EXT_UTILITY_DEVICES
17-07-16 00:13:11: find_ini_section() - CIDR-Mathcing found!DC2_EXT_UTILITY_DEVICES
17-07-16 00:13:37: find_ini_section() - CIDR-Mathcing found!DC2_EXT_UTILITY_DEVICES
17-07-16 00:13:57: find_ini_section() - CIDR-Mathcing found!DC2_EXT_UTILITY_DEVICES
17-07-16 00:14:42: find_ini_section() - CIDR-Mathcing found!DC2_EXT_UTILITY_DEVICES
17-07-16 00:14:43: find_ini_section() - CIDR-Mathcing found!DC2_EXT_UTILITY_DEVICES
17-07-16 00:15:03: find_ini_section() - CIDR-Mathcing found!DC2_EXT_UTILITY_DEVICES
17-07-16 00:15:46: find_ini_section() - CIDR-Mathcing found!DC2_EXT_UTILITY_DEVICES
17-07-16 00:15:47: find_ini_section() - CIDR-Mathcing found!DC2_EXT_UTILITY_DEVICES
17-07-16 00:16:39: find_ini_section() - CIDR-Mathcing found!DC2_EXT_UTILITY_DEVICES
17-07-16 00:17:06: find_ini_section() - CIDR-Mathcing found!DC2_EXT_UTILITY_DEVICES
17-07-16 00:18:38: find_ini_section() - CIDR-Mathcing found!DC2_EXT_UTILITY_DEVICES
17-07-16 00:18:39: find_ini_section() - CIDR-Mathcing found!DC2_EXT_UTILITY_DEVICES
17-07-16 00:20:10: find_ini_section() - CIDR-Mathcing found!DC2_EXT_UTILITY_DEVICES
17-07-16 00:21:22: find_ini_section() - CIDR-Mathcing found!DC2_EXT_UTILITY_DEVICES
17-07-16 00:22:12: find_ini_section() - CIDR-Mathcing found!DC2_EXT_UTILITY_DEVICES
17-07-16 00:22:46: find_ini_section() - CIDR-Mathcing found!DC2_EXT_UTILITY_DEVICES
17-07-16 00:23:04: find_ini_section() - CIDR-Mathcing found!DC2_EXT_UTILITY_DEVICES
17-07-16 00:27:11: find_ini_section() - CIDR-Mathcing found!DC2_EXT_UTILITY_DEVICES
17-07-16 00:29:19: find_ini_section() - CIDR-Mathcing found!DC2_EXT_UTILITY_DEVICES
17-07-16 00:42:38: find_ini_section() - CIDR-Mathcing found!DC2_EXT_UTILITY_DEVICES
17-07-16 00:44:39: find_ini_section() - CIDR-Mathcing found!DC2_EXT_UTILITY_DEVICES
17-07-16 00:48:59: find_ini_section() - CIDR-Mathcing found!DC2_EXT_UTILITY_DEVICES
17-07-16 00:50:03: find_ini_section() - CIDR-Mathcing found!DC2_EXT_UTILITY_DEVICES
17-07-16 01:06:53: find_ini_section() - CIDR-Mathcing found!DC2_EXT_UTILITY_DEVICES
17-07-16 01:12:56: find_ini_section() - CIDR-Mathcing found!DC2_EXT_UTILITY_DEVICES
17-07-16 01:13:25: find_ini_section() - CIDR-Mathcing found!DC2_EXT_UTILITY_DEVICES
17-07-16 01:14:00: find_ini_section() - CIDR-Mathcing found!DC2_EXT_UTILITY_DEVICES
17-07-16 01:14:47: find_ini_section() - CIDR-Mathcing found!DC2_EXT_UTILITY_DEVICES
17-07-16 01:25:32: find_ini_section() - CIDR-Mathcing found!DC2_EXT_UTILITY_DEVICES
17-07-16 01:26:16: find_ini_section() - CIDR-Mathcing found!DC2_EXT_UTILITY_DEVICES
17-07-16 01:26:38: find_ini_section() - CIDR-Mathcing found!DC2_EXT_UTILITY_DEVICES
17-07-16 01:26:39: find_ini_section() - CIDR-Mathcing found!DC2_EXT_UTILITY_DEVICES
17-07-16 01:27:16: find_ini_section() - CIDR-Mathcing found!DC2_EXT_UTILITY_DEVICES
17-07-16 01:30:55: find_ini_section() - CIDR-Mathcing found!DC2_EXT_UTILITY_DEVICES
17-07-16 01:30:58: find_ini_section() - CIDR-Mathcing found!DC2_EXT_UTILITY_DEVICES
17-07-16 01:31:54: find_ini_section() - CIDR-Mathcing found!DC2_EXT_UTILITY_DEVICES
17-07-16 01:39:18: find_ini_section() - CIDR-Mathcing found!DC2_EXT_UTILITY_DEVICES
17-07-16 01:40:12: find_ini_section() - CIDR-Mathcing found!DC2_EXT_UTILITY_DEVICES
17-07-16 01:40:13: find_ini_section() - CIDR-Mathcing found!DC2_EXT_UTILITY_DEVICES
17-07-16 01:44:17: find_ini_section() - CIDR-Mathcing found!DC2_EXT_UTILITY_DEVICES
17-07-16 01:44:51: find_ini_section() - CIDR-Mathcing found!DC2_EXT_UTILITY_DEVICES
17-07-16 01:53:18: find_ini_section() - CIDR-Mathcing found!DC2_EXT_UTILITY_DEVICES
17-07-16 01:53:19: find_ini_section() - CIDR-Mathcing found!DC2_EXT_UTILITY_DEVICES
17-07-16 01:55:41: find_ini_section() - CIDR-Mathcing found!DC2_EXT_UTILITY_DEVICES
17-07-16 01:56:27: find_ini_section() - CIDR-Mathcing found!DC2_EXT_UTILITY_DEVICES
17-07-16 01:57:04: find_ini_section() - CIDR-Mathcing found!DC2_EXT_UTILITY_DEVICES
17-07-16 01:57:36: find_ini_section() - CIDR-Mathcing found!DC2_EXT_UTILITY_DEVICES
17-07-16 01:59:25: find_ini_section() - CIDR-Mathcing found!DC2_EXT_UTILITY_DEVICES
17-07-16 01:59:26: find_ini_section() - CIDR-Mathcing found!DC2_EXT_UTILITY_DEVICES
17-07-16 01:59:27: find_ini_section() - CIDR-Mathcing found!DC2_EXT_UTILITY_DEVICES
17-07-16 02:00:18: find_ini_section() - CIDR-Mathcing found!DC2_EXT_UTILITY_DEVICES
17-07-16 02:03:12: find_ini_section() - CIDR-Mathcing found!DC2_EXT_UTILITY_DEVICES
17-07-16 02:03:13: find_ini_section() - CIDR-Mathcing found!DC2_EXT_UTILITY_DEVICES
17-07-16 02:04:17: find_ini_section() - CIDR-Mathcing found!DC2_EXT_UTILITY_DEVICES
17-07-16 02:08:28: find_ini_section() - CIDR-Mathcing found!DC2_EXT_UTILITY_DEVICES
17-07-16 02:08:34: find_ini_section() - CIDR-Mathcing found!DC2_EXT_UTILITY_DEVICES
17-07-16 02:08:35: find_ini_section() - CIDR-Mathcing found!DC2_EXT_UTILITY_DEVICES
17-07-16 02:08:37: find_ini_section() - CIDR-Mathcing found!DC2_EXT_UTILITY_DEVICES
17-07-16 02:09:02: find_ini_section() - CIDR-Mathcing found!DC2_EXT_UTILITY_DEVICES
17-07-16 02:10:45: find_ini_section() - CIDR-Mathcing found!DC2_EXT_UTILITY_DEVICES
17-07-16 02:18:43: find_ini_section() - CIDR-Mathcing found!DC2_EXT_UTILITY_DEVICES
17-07-16 02:18:44: find_ini_section() - CIDR-Mathcing found!DC2_EXT_UTILITY_DEVICES
17-07-16 02:19:28: find_ini_section() - CIDR-Mathcing found!DC2_EXT_UTILITY_DEVICES
17-07-16 02:20:31: find_ini_section() - CIDR-Mathcing found!DC2_EXT_UTILITY_DEVICES
17-07-16 02:20:31: find_ini_section() - CIDR-Mathcing found!DC2_EXT_UTILITY_DEVICES
17-07-16 02:21:41: find_ini_section() - CIDR-Mathcing found!DC2_EXT_UTILITY_DEVICES
17-07-16 02:32:00: find_ini_section() - CIDR-Mathcing found!DC2_EXT_UTILITY_DEVICES
17-07-16 02:32:27: find_ini_section() - CIDR-Mathcing found!DC2_EXT_UTILITY_DEVICES
17-07-16 02:36:02: find_ini_section() - CIDR-Mathcing found!DC2_EXT_UTILITY_DEVICES
17-07-16 22:59:13: find_ini_section() - CIDR-Mathcing found!DC2_EXT_UTILITY_DEVICES
17-07-16 23:00:09: find_ini_section() - CIDR-Mathcing found!DC2_EXT_UTILITY_DEVICES
17-07-16 23:00:54: find_ini_section() - CIDR-Mathcing found!DC2_EXT_UTILITY_DEVICES
17-07-16 23:01:44: find_ini_section() - CIDR-Mathcing found!DC2_EXT_UTILITY_DEVICES
17-07-16 23:02:17: find_ini_section() - CIDR-Mathcing found!DC2_EXT_UTILITY_DEVICES
17-07-17 22:26:48: find_ini_section() - CIDR-Mathcing found!DC2_EXT_UTILITY_DEVICES
17-07-17 23:19:15: find_ini_section() - CIDR-Mathcing found!DC2_EXT_UTILITY_DEVICES
17-07-17 23:19:23: find_ini_section() - CIDR-Mathcing found!DC2_EXT_UTILITY_DEVICES
17-07-17 23:19:49: find_ini_section() - CIDR-Mathcing found!DC2_EXT_UTILITY_DEVICES
17-07-17 23:20:43: find_ini_section() - CIDR-Mathcing found!DC2_EXT_UTILITY_DEVICES
17-07-17 23:21:15: find_ini_section() - CIDR-Mathcing found!DC2_EXT_UTILITY_DEVICES
17-07-17 23:21:29: find_ini_section() - CIDR-Mathcing found!DC2_EXT_UTILITY_DEVICES
17-07-17 23:22:54: find_ini_section() - CIDR-Mathcing found!DC2_EXT_UTILITY_DEVICES
17-07-17 23:25:25: find_ini_section() - CIDR-Mathcing found!DC2_EXT_UTILITY_DEVICES
17-07-17 23:25:27: find_ini_section() - CIDR-Mathcing found!DC2_EXT_UTILITY_DEVICES
17-07-17 23:25:27: find_ini_section() - CIDR-Mathcing found!DC2_EXT_UTILITY_DEVICES
17-07-17 23:25:29: find_ini_section() - CIDR-Mathcing found!DC2_EXT_UTILITY_DEVICES
17-07-17 23:25:30: find_ini_section() - CIDR-Mathcing found!DC2_EXT_UTILITY_DEVICES
17-07-17 23:25:30: find_ini_section() - CIDR-Mathcing found!DC2_EXT_UTILITY_DEVICES
17-07-17 23:25:48: find_ini_section() - CIDR-Mathcing found!DC2_EXT_UTILITY_DEVICES
17-07-17 23:25:50: find_ini_section() - CIDR-Mathcing found!DC2_EXT_UTILITY_DEVICES
17-07-17 23:25:53: find_ini_section() - CIDR-Mathcing found!DC2_EXT_UTILITY_DEVICES
17-07-17 23:25:58: find_ini_section() - CIDR-Mathcing found!DC2_EXT_UTILITY_DEVICES
17-07-17 23:30:10: find_ini_section() - CIDR-Mathcing found!DC2_EXT_UTILITY_DEVICES
17-07-17 23:31:01: find_ini_section() - CIDR-Mathcing found!DC2_EXT_UTILITY_DEVICES
17-07-17 23:31:33: find_ini_section() - CIDR-Mathcing found!DC2_EXT_UTILITY_DEVICES
17-07-17 23:38:01: find_ini_section() - CIDR-Mathcing found!DC2_EXT_UTILITY_DEVICES
17-07-17 23:38:12: find_ini_section() - CIDR-Mathcing found!DC2_EXT_UTILITY_DEVICES
17-07-17 23:39:08: find_ini_section() - CIDR-Mathcing found!DC2_EXT_UTILITY_DEVICES
17-07-17 23:39:08: find_ini_section() - CIDR-Mathcing found!DC2_EXT_UTILITY_DEVICES
17-07-17 23:41:17: find_ini_section() - CIDR-Mathcing found!DC2_EXT_UTILITY_DEVICES
17-07-17 23:41:19: find_ini_section() - CIDR-Mathcing found!DC2_EXT_UTILITY_DEVICES
17-07-17 23:41:41: find_ini_section() - CIDR-Mathcing found!DC2_EXT_UTILITY_DEVICES
17-07-17 23:41:42: find_ini_section() - CIDR-Mathcing found!DC2_EXT_UTILITY_DEVICES
17-07-17 23:41:44: find_ini_section() - CIDR-Mathcing found!DC2_EXT_UTILITY_DEVICES
17-07-17 23:41:45: find_ini_section() - CIDR-Mathcing found!DC2_EXT_UTILITY_DEVICES
17-07-17 23:41:53: find_ini_section() - CIDR-Mathcing found!DC2_EXT_UTILITY_DEVICES
17-07-17 23:41:53: find_ini_section() - CIDR-Mathcing found!DC2_EXT_UTILITY_DEVICES
17-07-17 23:44:59: find_ini_section() - CIDR-Mathcing found!DC2_EXT_UTILITY_DEVICES
17-07-17 23:45:00: find_ini_section() - CIDR-Mathcing found!DC2_EXT_UTILITY_DEVICES
17-07-17 23:45:01: find_ini_section() - CIDR-Mathcing found!DC2_EXT_UTILITY_DEVICES
17-07-17 23:45:02: find_ini_section() - CIDR-Mathcing found!DC2_EXT_UTILITY_DEVICES
17-07-17 23:45:02: find_ini_section() - CIDR-Mathcing found!DC2_EXT_UTILITY_DEVICES
17-07-17 23:49:36: find_ini_section() - CIDR-Mathcing found!DC2_EXT_UTILITY_DEVICES
17-07-17 23:51:41: find_ini_section() - CIDR-Mathcing found!DC2_EXT_UTILITY_DEVICES
17-07-17 23:51:42: find_ini_section() - CIDR-Mathcing found!DC2_EXT_UTILITY_DEVICES
17-07-17 23:52:19: find_ini_section() - CIDR-Mathcing found!DC2_EXT_UTILITY_DEVICES
17-07-17 23:52:20: find_ini_section() - CIDR-Mathcing found!DC2_EXT_UTILITY_DEVICES
17-07-17 23:52:20: find_ini_section() - CIDR-Mathcing found!DC2_EXT_UTILITY_DEVICES
17-07-17 23:53:34: find_ini_section() - CIDR-Mathcing found!DC2_EXT_UTILITY_DEVICES
17-07-17 23:53:35: find_ini_section() - CIDR-Mathcing found!DC2_EXT_UTILITY_DEVICES
17-07-17 23:53:36: find_ini_section() - CIDR-Mathcing found!DC2_EXT_UTILITY_DEVICES
17-07-17 23:53:36: find_ini_section() - CIDR-Mathcing found!DC2_EXT_UTILITY_DEVICES
17-07-17 23:54:36: find_ini_section() - CIDR-Mathcing found!DC2_EXT_UTILITY_DEVICES
17-07-17 23:54:36: find_ini_section() - CIDR-Mathcing found!DC2_EXT_UTILITY_DEVICES
17-07-17 23:54:37: find_ini_section() - CIDR-Mathcing found!DC2_EXT_UTILITY_DEVICES
17-07-17 23:55:14: find_ini_section() - CIDR-Mathcing found!DC2_EXT_UTILITY_DEVICES
17-07-17 23:55:14: find_ini_section() - CIDR-Mathcing found!DC2_EXT_UTILITY_DEVICES
17-07-17 23:55:15: find_ini_section() - CIDR-Mathcing found!DC2_EXT_UTILITY_DEVICES
17-07-17 23:55:16: find_ini_section() - CIDR-Mathcing found!DC2_EXT_UTILITY_DEVICES
17-07-17 23:55:17: find_ini_section() - CIDR-Mathcing found!DC2_EXT_UTILITY_DEVICES
17-07-17 23:55:17: find_ini_section() - CIDR-Mathcing found!DC2_EXT_UTILITY_DEVICES
17-07-17 23:55:30: find_ini_section() - CIDR-Mathcing found!DC2_EXT_UTILITY_DEVICES
17-07-17 23:55:31: find_ini_section() - CIDR-Mathcing found!DC2_EXT_UTILITY_DEVICES
17-07-17 23:55:32: find_ini_section() - CIDR-Mathcing found!DC2_EXT_UTILITY_DEVICES
17-07-17 23:55:33: find_ini_section() - CIDR-Mathcing found!DC2_EXT_UTILITY_DEVICES
17-07-17 23:55:34: find_ini_section() - CIDR-Mathcing found!DC2_EXT_UTILITY_DEVICES
17-07-17 23:55:34: find_ini_section() - CIDR-Mathcing found!DC2_EXT_UTILITY_DEVICES
17-07-17 23:55:35: find_ini_section() - CIDR-Mathcing found!DC2_EXT_UTILITY_DEVICES
17-07-17 23:56:45: find_ini_section() - CIDR-Mathcing found!DC2_EXT_UTILITY_DEVICES
17-07-17 23:56:46: find_ini_section() - CIDR-Mathcing found!DC2_EXT_UTILITY_DEVICES
17-07-17 23:56:47: find_ini_section() - CIDR-Mathcing found!DC2_EXT_UTILITY_DEVICES
17-07-17 23:56:48: find_ini_section() - CIDR-Mathcing found!DC2_EXT_UTILITY_DEVICES
17-07-17 23:56:49: find_ini_section() - CIDR-Mathcing found!DC2_EXT_UTILITY_DEVICES
17-07-17 23:57:11: find_ini_section() - CIDR-Mathcing found!DC2_EXT_UTILITY_DEVICES
17-07-17 23:57:12: find_ini_section() - CIDR-Mathcing found!DC2_EXT_UTILITY_DEVICES
17-07-17 23:57:12: find_ini_section() - CIDR-Mathcing found!DC2_EXT_UTILITY_DEVICES
17-07-17 23:57:28: find_ini_section() - CIDR-Mathcing found!DC2_EXT_UTILITY_DEVICES
17-07-18 00:05:02: find_ini_section() - CIDR-Mathcing found!DC2_EXT_UTILITY_DEVICES
17-07-18 00:05:04: find_ini_section() - CIDR-Mathcing found!DC2_EXT_UTILITY_DEVICES
17-07-18 00:05:05: find_ini_section() - CIDR-Mathcing found!DC2_EXT_UTILITY_DEVICES
17-07-18 00:05:17: find_ini_section() - CIDR-Mathcing found!DC2_EXT_UTILITY_DEVICES
17-07-18 00:05:18: find_ini_section() - CIDR-Mathcing found!DC2_EXT_UTILITY_DEVICES
17-07-18 00:05:19: find_ini_section() - CIDR-Mathcing found!DC2_EXT_UTILITY_DEVICES
17-07-18 00:09:23: find_ini_section() - CIDR-Mathcing found!DC2_EXT_UTILITY_DEVICES
17-07-18 00:09:27: find_ini_section() - CIDR-Mathcing found!DC2_EXT_UTILITY_DEVICES
17-07-18 00:11:11: find_ini_section() - CIDR-Mathcing found!DC2_EXT_UTILITY_DEVICES
17-07-18 00:11:13: find_ini_section() - CIDR-Mathcing found!DC2_EXT_UTILITY_DEVICES
17-07-18 00:27:12: find_ini_section() - CIDR-Mathcing found!DC2_EXT_UTILITY_DEVICES
17-07-18 00:27:14: find_ini_section() - CIDR-Mathcing found!DC2_EXT_UTILITY_DEVICES
17-07-18 00:27:15: find_ini_section() - CIDR-Mathcing found!DC2_EXT_UTILITY_DEVICES
17-07-18 00:30:24: find_ini_section() - CIDR-Mathcing found!DC2_EXT_UTILITY_DEVICES
17-07-18 00:30:24: find_ini_section() - CIDR-Mathcing found!DC2_EXT_UTILITY_DEVICES
17-07-18 00:30:42: find_ini_section() - CIDR-Mathcing found!DC2_EXT_UTILITY_DEVICES
17-07-18 00:33:00: find_ini_section() - CIDR-Mathcing found!DC2_EXT_UTILITY_DEVICES
17-07-18 01:39:06: find_ini_section() - CIDR-Mathcing found!DC2_EXT_UTILITY_DEVICES
17-07-18 01:39:15: find_ini_section() - CIDR-Mathcing found!DC2_EXT_UTILITY_DEVICES
17-07-18 01:39:15: find_ini_section() - CIDR-Mathcing found!DC2_EXT_UTILITY_DEVICES
17-07-18 01:40:11: find_ini_section() - CIDR-Mathcing found!DC2_EXT_UTILITY_DEVICES
17-07-18 01:40:11: find_ini_section() - CIDR-Mathcing found!DC2_EXT_UTILITY_DEVICES
17-07-18 01:40:12: find_ini_section() - CIDR-Mathcing found!DC2_EXT_UTILITY_DEVICES
17-07-18 01:40:13: find_ini_section() - CIDR-Mathcing found!DC2_EXT_UTILITY_DEVICES
17-07-18 01:40:13: find_ini_section() - CIDR-Mathcing found!DC2_EXT_UTILITY_DEVICES
17-07-18 01:40:18: find_ini_section() - CIDR-Mathcing found!DC2_EXT_UTILITY_DEVICES
17-07-18 01:43:28: find_ini_section() - CIDR-Mathcing found!DC2_EXT_UTILITY_DEVICES
17-07-18 01:44:32: find_ini_section() - CIDR-Mathcing found!DC2_EXT_UTILITY_DEVICES
17-07-18 01:44:33: find_ini_section() - CIDR-Mathcing found!DC2_EXT_UTILITY_DEVICES
17-07-18 01:44:34: find_ini_section() - CIDR-Mathcing found!DC2_EXT_UTILITY_DEVICES
17-07-18 01:46:40: find_ini_section() - CIDR-Mathcing found!DC2_EXT_UTILITY_DEVICES
17-07-18 01:51:12: find_ini_section() - CIDR-Mathcing found!DC2_EXT_UTILITY_DEVICES
17-07-18 01:52:00: find_ini_section() - CIDR-Mathcing found!DC2_EXT_UTILITY_DEVICES
17-07-18 01:52:45: find_ini_section() - CIDR-Mathcing found!DC2_EXT_UTILITY_DEVICES
17-07-18 01:52:46: find_ini_section() - CIDR-Mathcing found!DC2_EXT_UTILITY_DEVICES
17-07-18 01:54:15: find_ini_section() - CIDR-Mathcing found!DC2_EXT_UTILITY_DEVICES
17-07-18 01:54:58: find_ini_section() - CIDR-Mathcing found!DC2_EXT_UTILITY_DEVICES
17-07-18 01:54:59: find_ini_section() - CIDR-Mathcing found!DC2_EXT_UTILITY_DEVICES
17-07-18 01:56:05: find_ini_section() - CIDR-Mathcing found!DC2_EXT_UTILITY_DEVICES
17-07-18 01:56:06: find_ini_section() - CIDR-Mathcing found!DC2_EXT_UTILITY_DEVICES
17-07-18 01:58:47: find_ini_section() - CIDR-Mathcing found!DC2_EXT_UTILITY_DEVICES
17-07-18 01:58:48: find_ini_section() - CIDR-Mathcing found!DC2_EXT_UTILITY_DEVICES
17-07-18 01:58:49: find_ini_section() - CIDR-Mathcing found!DC2_EXT_UTILITY_DEVICES
17-07-18 01:59:05: find_ini_section() - CIDR-Mathcing found!DC2_EXT_UTILITY_DEVICES
17-07-18 02:00:10: find_ini_section() - CIDR-Mathcing found!DC2_EXT_UTILITY_DEVICES
17-07-18 02:03:37: find_ini_section() - CIDR-Mathcing found!DC2_EXT_UTILITY_DEVICES
17-07-18 02:03:38: find_ini_section() - CIDR-Mathcing found!DC2_EXT_UTILITY_DEVICES
17-07-18 02:03:38: find_ini_section() - CIDR-Mathcing found!DC2_EXT_UTILITY_DEVICES
17-07-18 02:05:33: find_ini_section() - CIDR-Mathcing found!DC2_EXT_UTILITY_DEVICES
17-07-18 02:05:33: find_ini_section() - CIDR-Mathcing found!DC2_EXT_UTILITY_DEVICES
17-07-18 02:05:34: find_ini_section() - CIDR-Mathcing found!DC2_EXT_UTILITY_DEVICES
17-07-18 02:05:34: find_ini_section() - CIDR-Mathcing found!DC2_EXT_UTILITY_DEVICES
17-07-18 02:05:34: find_ini_section() - CIDR-Mathcing found!DC2_EXT_UTILITY_DEVICES
17-07-18 02:05:35: find_ini_section() - CIDR-Mathcing found!DC2_EXT_UTILITY_DEVICES
17-07-18 02:05:35: find_ini_section() - CIDR-Mathcing found!DC2_EXT_UTILITY_DEVICES
17-07-18 02:05:35: find_ini_section() - CIDR-Mathcing found!DC2_EXT_UTILITY_DEVICES
17-07-18 02:14:38: find_ini_section() - CIDR-Mathcing found!DC2_EXT_UTILITY_DEVICES
17-07-18 02:15:41: find_ini_section() - CIDR-Mathcing found!DC2_EXT_UTILITY_DEVICES
17-07-18 02:15:42: find_ini_section() - CIDR-Mathcing found!DC2_EXT_UTILITY_DEVICES
17-07-18 02:15:42: find_ini_section() - CIDR-Mathcing found!DC2_EXT_UTILITY_DEVICES
17-07-18 02:16:23: find_ini_section() - CIDR-Mathcing found!DC2_EXT_UTILITY_DEVICES
17-07-18 02:16:24: find_ini_section() - CIDR-Mathcing found!DC2_EXT_UTILITY_DEVICES
17-07-18 02:16:24: find_ini_section() - CIDR-Mathcing found!DC2_EXT_UTILITY_DEVICES
17-07-18 02:16:26: find_ini_section() - CIDR-Mathcing found!DC2_EXT_UTILITY_DEVICES
17-07-18 02:23:59: find_ini_section() - CIDR-Mathcing found!DC2_EXT_UTILITY_DEVICES
17-07-18 02:24:00: find_ini_section() - CIDR-Mathcing found!DC2_EXT_UTILITY_DEVICES
17-07-18 02:24:01: find_ini_section() - CIDR-Mathcing found!DC2_EXT_UTILITY_DEVICES
17-07-18 02:24:01: find_ini_section() - CIDR-Mathcing found!DC2_EXT_UTILITY_DEVICES
17-07-18 02:24:02: find_ini_section() - CIDR-Mathcing found!DC2_EXT_UTILITY_DEVICES
17-07-18 02:24:02: find_ini_section() - CIDR-Mathcing found!DC2_EXT_UTILITY_DEVICES
17-07-18 02:24:02: find_ini_section() - CIDR-Mathcing found!DC2_EXT_UTILITY_DEVICES
17-07-18 02:24:03: find_ini_section() - CIDR-Mathcing found!DC2_EXT_UTILITY_DEVICES
17-08-03 00:24:11: find_ini_section() - CIDR-Mathcing found!DC2_EXT_UTILITY_DEVICES
17-08-03 00:30:15: find_ini_section() - CIDR-Mathcing found!DC2_EXT_UTILITY_DEVICES
17-08-03 00:31:03: find_ini_section() - CIDR-Mathcing found!DC2_EXT_UTILITY_DEVICES
17-08-03 00:31:09: find_ini_section() - CIDR-Mathcing found!DC2_EXT_UTILITY_DEVICES
17-08-03 00:33:40: find_ini_section() - CIDR-Mathcing found!DC2_EXT_UTILITY_DEVICES
17-08-03 00:34:04: find_ini_section() - CIDR-Mathcing found!DC2_EXT_UTILITY_DEVICES
17-08-03 00:38:36: find_ini_section() - CIDR-Mathcing found!DC2_EXT_UTILITY_DEVICES
17-08-03 00:38:40: find_ini_section() - CIDR-Mathcing found!DC2_EXT_UTILITY_DEVICES
17-08-03 00:40:29: find_ini_section() - CIDR-Mathcing found!DC2_EXT_UTILITY_DEVICES
17-08-03 00:40:35: find_ini_section() - CIDR-Mathcing found!DC2_EXT_UTILITY_DEVICES
17-08-03 00:56:56: find_ini_section() - CIDR-Mathcing found!DC2_EXT_UTILITY_DEVICES
17-08-03 00:56:58: find_ini_section() - CIDR-Mathcing found!DC2_EXT_UTILITY_DEVICES
17-08-03 00:57:34: find_ini_section() - CIDR-Mathcing found!DC2_EXT_UTILITY_DEVICES
17-08-03 00:59:19: find_ini_section() - CIDR-Mathcing found!DC2_EXT_UTILITY_DEVICES
17-08-03 00:59:42: find_ini_section() - CIDR-Mathcing found!DC2_EXT_UTILITY_DEVICES
17-08-03 01:01:35: find_ini_section() - CIDR-Mathcing found!DC2_EXT_UTILITY_DEVICES
17-08-06 01:01:01: find_ini_section() - CIDR-Mathcing found!DC2_EXT_UTILITY_DEVICES
17-08-06 01:01:01: find_ini_section() - CIDR-Mathcing found!DC2_EXT_UTILITY_DEVICES
17-08-06 01:01:35: find_ini_section() - CIDR-Mathcing found!DC2_EXT_UTILITY_DEVICES
17-08-06 01:05:06: find_ini_section() - CIDR-Mathcing found!DC2_EXT_UTILITY_DEVICES
17-08-06 01:27:10: find_ini_section() - CIDR-Mathcing found!DC2_EXT_UTILITY_DEVICES
17-08-06 01:27:41: find_ini_section() - CIDR-Mathcing found!DC2_EXT_UTILITY_DEVICES
17-08-06 01:30:33: find_ini_section() - CIDR-Mathcing found!DC2_EXT_UTILITY_DEVICES
17-08-06 01:32:17: find_ini_section() - CIDR-Mathcing found!DC2_EXT_UTILITY_DEVICES
17-08-06 01:33:02: find_ini_section() - CIDR-Mathcing found!DC2_EXT_UTILITY_DEVICES
17-08-06 01:33:14: find_ini_section() - CIDR-Mathcing found!DC2_EXT_UTILITY_DEVICES
17-08-06 15:26:18: find_ini_section() - CIDR-Mathcing found!DC2_EXT_UTILITY_DEVICES
17-08-06 15:30:53: find_ini_section() - CIDR-Mathcing found!DC2_EXT_UTILITY_DEVICES
17-08-06 15:31:34: find_ini_section() - CIDR-Mathcing found!DC2_EXT_UTILITY_DEVICES
17-08-06 15:33:01: find_ini_section() - CIDR-Mathcing found!DC2_EXT_UTILITY_DEVICES
17-08-06 15:38:52: find_ini_section() - CIDR-Mathcing found!DC2_EXT_UTILITY_DEVICES
17-08-06 15:39:52: find_ini_section() - CIDR-Mathcing found!DC2_EXT_UTILITY_DEVICES
17-08-06 15:40:23: find_ini_section() - CIDR-Mathcing found!DC2_EXT_UTILITY_DEVICES
17-08-06 15:40:41: find_ini_section() - CIDR-Mathcing found!DC2_EXT_UTILITY_DEVICES
17-08-07 21:32:57: find_ini_section() - CIDR-Mathcing found!DC2_EXT_UTILITY_DEVICES
17-08-07 22:10:14: find_ini_section() - CIDR-Mathcing found!DC2_EXT_UTILITY_DEVICES
17-08-07 22:10:20: find_ini_section() - CIDR-Mathcing found!DC2_EXT_UTILITY_DEVICES
17-08-07 22:11:07: find_ini_section() - CIDR-Mathcing found!DC2_EXT_UTILITY_DEVICES
17-08-07 22:14:20: find_ini_section() - CIDR-Mathcing found!DC2_EXT_UTILITY_DEVICES
17-08-07 22:14:41: find_ini_section() - CIDR-Mathcing found!DC2_EXT_UTILITY_DEVICES
17-08-07 22:18:35: find_ini_section() - CIDR-Mathcing found!DC2_EXT_UTILITY_DEVICES
17-08-07 22:18:39: find_ini_section() - CIDR-Mathcing found!DC2_EXT_UTILITY_DEVICES
17-08-07 22:20:21: find_ini_section() - CIDR-Mathcing found!DC2_EXT_UTILITY_DEVICES
17-08-07 22:37:57: find_ini_section() - CIDR-Mathcing found!DC2_EXT_UTILITY_DEVICES
17-08-07 22:38:52: find_ini_section() - CIDR-Mathcing found!DC2_EXT_UTILITY_DEVICES
17-08-07 22:39:53: find_ini_section() - CIDR-Mathcing found!DC2_EXT_UTILITY_DEVICES
17-08-07 22:40:58: find_ini_section() - CIDR-Mathcing found!DC2_EXT_UTILITY_DEVICES
17-08-07 22:41:33: find_ini_section() - CIDR-Mathcing found!DC2_EXT_UTILITY_DEVICES
17-08-07 22:42:25: find_ini_section() - CIDR-Mathcing found!DC2_EXT_UTILITY_DEVICES
17-08-07 22:42:28: find_ini_section() - CIDR-Mathcing found!DC2_EXT_UTILITY_DEVICES
17-08-07 22:42:30: find_ini_section() - CIDR-Mathcing found!DC2_EXT_UTILITY_DEVICES
17-08-07 22:42:31: find_ini_section() - CIDR-Mathcing found!DC2_EXT_UTILITY_DEVICES
17-08-07 22:43:19: find_ini_section() - CIDR-Mathcing found!DC2_EXT_UTILITY_DEVICES
17-08-07 22:43:22: find_ini_section() - CIDR-Mathcing found!DC2_EXT_UTILITY_DEVICES
17-08-07 22:43:23: find_ini_section() - CIDR-Mathcing found!DC2_EXT_UTILITY_DEVICES
17-08-07 22:43:27: find_ini_section() - CIDR-Mathcing found!DC2_EXT_UTILITY_DEVICES
17-08-07 22:43:29: find_ini_section() - CIDR-Mathcing found!DC2_EXT_UTILITY_DEVICES
17-08-07 22:47:50: find_ini_section() - CIDR-Mathcing found!DC2_EXT_UTILITY_DEVICES
17-08-07 22:47:52: find_ini_section() - CIDR-Mathcing found!DC2_EXT_UTILITY_DEVICES
17-08-07 22:57:48: find_ini_section() - CIDR-Mathcing found!DC2_EXT_UTILITY_DEVICES
17-08-07 22:58:04: find_ini_section() - CIDR-Mathcing found!DC2_EXT_UTILITY_DEVICES
17-08-07 23:00:46: find_ini_section() - CIDR-Mathcing found!DC2_EXT_UTILITY_DEVICES
17-08-07 23:00:47: find_ini_section() - CIDR-Mathcing found!DC2_EXT_UTILITY_DEVICES
17-08-07 23:00:49: find_ini_section() - CIDR-Mathcing found!DC2_EXT_UTILITY_DEVICES
17-08-07 23:00:52: find_ini_section() - CIDR-Mathcing found!DC2_EXT_UTILITY_DEVICES
17-08-07 23:02:32: find_ini_section() - CIDR-Mathcing found!DC2_EXT_UTILITY_DEVICES
17-08-07 23:04:08: find_ini_section() - CIDR-Mathcing found!DC2_EXT_UTILITY_DEVICES
17-08-07 23:21:21: find_ini_section() - CIDR-Mathcing found!DC2_EXT_UTILITY_DEVICES
17-08-07 23:22:04: find_ini_section() - CIDR-Mathcing found!DC2_EXT_UTILITY_DEVICES
17-08-07 23:22:49: find_ini_section() - CIDR-Mathcing found!DC2_EXT_UTILITY_DEVICES
17-08-07 23:22:50: find_ini_section() - CIDR-Mathcing found!DC2_EXT_UTILITY_DEVICES
17-08-07 23:24:53: find_ini_section() - CIDR-Mathcing found!DC2_EXT_UTILITY_DEVICES
17-08-07 23:24:54: find_ini_section() - CIDR-Mathcing found!DC2_EXT_UTILITY_DEVICES
17-08-07 23:26:36: find_ini_section() - CIDR-Mathcing found!DC2_EXT_UTILITY_DEVICES
17-08-07 23:26:37: find_ini_section() - CIDR-Mathcing found!DC2_EXT_UTILITY_DEVICES
17-08-07 23:37:08: find_ini_section() - CIDR-Mathcing found!DC2_EXT_UTILITY_DEVICES
17-08-07 23:40:12: find_ini_section() - CIDR-Mathcing found!DC2_EXT_UTILITY_DEVICES
17-08-07 23:41:54: find_ini_section() - CIDR-Mathcing found!DC2_EXT_UTILITY_DEVICES
17-08-07 23:41:55: find_ini_section() - CIDR-Mathcing found!DC2_EXT_UTILITY_DEVICES
17-08-07 23:42:51: find_ini_section() - CIDR-Mathcing found!DC2_EXT_UTILITY_DEVICES
17-08-07 23:42:53: find_ini_section() - CIDR-Mathcing found!DC2_EXT_UTILITY_DEVICES
17-08-07 23:45:15: find_ini_section() - CIDR-Mathcing found!DC2_EXT_UTILITY_DEVICES
17-08-07 23:45:16: find_ini_section() - CIDR-Mathcing found!DC2_EXT_UTILITY_DEVICES
17-08-07 23:45:17: find_ini_section() - CIDR-Mathcing found!DC2_EXT_UTILITY_DEVICES
17-08-07 23:47:29: find_ini_section() - CIDR-Mathcing found!DC2_EXT_UTILITY_DEVICES
17-08-07 23:47:30: find_ini_section() - CIDR-Mathcing found!DC2_EXT_UTILITY_DEVICES
17-08-07 23:56:16: find_ini_section() - CIDR-Mathcing found!DC2_EXT_UTILITY_DEVICES
17-08-07 23:56:18: find_ini_section() - CIDR-Mathcing found!DC2_EXT_UTILITY_DEVICES
17-08-07 23:57:59: find_ini_section() - CIDR-Mathcing found!DC2_EXT_UTILITY_DEVICES
17-08-07 23:58:02: find_ini_section() - CIDR-Mathcing found!DC2_EXT_UTILITY_DEVICES
17-08-08 00:00:25: find_ini_section() - CIDR-Mathcing found!DC2_EXT_UTILITY_DEVICES
17-08-08 00:00:27: find_ini_section() - CIDR-Mathcing found!DC2_EXT_UTILITY_DEVICES
17-08-08 00:01:12: find_ini_section() - CIDR-Mathcing found!DC2_EXT_UTILITY_DEVICES
17-08-08 00:04:29: find_ini_section() - CIDR-Mathcing found!DC2_EXT_UTILITY_DEVICES
17-08-08 00:04:31: find_ini_section() - CIDR-Mathcing found!DC2_EXT_UTILITY_DEVICES
17-09-17 23:12:23: find_ini_section() - CIDR-Mathcing found!DC2_EXT_UTILITY_DEVICES
17-09-17 23:15:02: find_ini_section() - CIDR-Mathcing found!DC2_EXT_UTILITY_DEVICES
17-09-17 23:16:04: find_ini_section() - CIDR-Mathcing found!DC2_EXT_UTILITY_DEVICES
17-09-17 23:23:59: find_ini_section() - CIDR-Mathcing found!DC2_EXT_UTILITY_DEVICES
17-09-17 23:33:45: find_ini_section() - CIDR-Mathcing found!DC2_EXT_UTILITY_DEVICES
17-09-17 23:38:03: find_ini_section() - CIDR-Mathcing found!DC2_EXT_UTILITY_DEVICES
17-09-17 23:58:13: find_ini_section() - CIDR-Mathcing found!DC2_EXT_UTILITY_DEVICES
17-09-17 23:58:23: find_ini_section() - CIDR-Mathcing found!DC2_EXT_UTILITY_DEVICES
17-09-17 23:59:21: find_ini_section() - CIDR-Mathcing found!DC2_EXT_UTILITY_DEVICES
17-09-17 23:59:26: find_ini_section() - CIDR-Mathcing found!DC2_EXT_UTILITY_DEVICES
17-09-17 23:59:31: find_ini_section() - CIDR-Mathcing found!DC2_EXT_UTILITY_DEVICES
17-09-17 23:59:34: find_ini_section() - CIDR-Mathcing found!DC2_EXT_UTILITY_DEVICES
17-09-17 23:59:58: find_ini_section() - CIDR-Mathcing found!DC2_EXT_UTILITY_DEVICES
17-09-18 00:02:38: find_ini_section() - CIDR-Mathcing found!DC2_EXT_UTILITY_DEVICES
17-09-18 00:02:41: find_ini_section() - CIDR-Mathcing found!DC2_EXT_UTILITY_DEVICES
17-09-18 00:08:45: find_ini_section() - CIDR-Mathcing found!DC2_EXT_UTILITY_DEVICES
17-09-18 00:08:50: find_ini_section() - CIDR-Mathcing found!DC2_EXT_UTILITY_DEVICES
17-09-18 00:09:21: find_ini_section() - CIDR-Mathcing found!DC2_EXT_UTILITY_DEVICES
17-09-18 00:09:28: find_ini_section() - CIDR-Mathcing found!DC2_EXT_UTILITY_DEVICES
17-09-18 00:10:15: find_ini_section() - CIDR-Mathcing found!DC2_EXT_UTILITY_DEVICES
17-09-18 00:10:19: find_ini_section() - CIDR-Mathcing found!DC2_EXT_UTILITY_DEVICES
17-09-18 00:20:16: find_ini_section() - CIDR-Mathcing found!DC2_EXT_UTILITY_DEVICES
17-09-18 00:20:19: find_ini_section() - CIDR-Mathcing found!DC2_EXT_UTILITY_DEVICES
17-09-18 00:25:19: find_ini_section() - CIDR-Mathcing found!DC2_EXT_UTILITY_DEVICES
17-09-18 00:25:22: find_ini_section() - CIDR-Mathcing found!DC2_EXT_UTILITY_DEVICES
17-09-18 00:29:44: find_ini_section() - CIDR-Mathcing found!DC2_EXT_UTILITY_DEVICES
17-09-18 00:29:45: find_ini_section() - CIDR-Mathcing found!DC2_EXT_UTILITY_DEVICES
17-09-18 00:30:45: find_ini_section() - CIDR-Mathcing found!DC2_EXT_UTILITY_DEVICES
17-09-18 00:30:50: find_ini_section() - CIDR-Mathcing found!DC2_EXT_UTILITY_DEVICES
17-09-18 00:33:03: find_ini_section() - CIDR-Mathcing found!DC2_EXT_UTILITY_DEVICES
17-09-18 00:33:04: find_ini_section() - CIDR-Mathcing found!DC2_EXT_UTILITY_DEVICES
17-09-18 00:34:54: find_ini_section() - CIDR-Mathcing found!DC2_EXT_UTILITY_DEVICES
17-09-18 00:34:59: find_ini_section() - CIDR-Mathcing found!DC2_EXT_UTILITY_DEVICES
17-09-18 00:36:09: find_ini_section() - CIDR-Mathcing found!DC2_EXT_UTILITY_DEVICES
17-09-18 00:36:34: find_ini_section() - CIDR-Mathcing found!DC2_EXT_UTILITY_DEVICES
17-09-18 00:49:10: find_ini_section() - CIDR-Mathcing found!DC2_EXT_UTILITY_DEVICES
17-09-18 00:49:12: find_ini_section() - CIDR-Mathcing found!DC2_EXT_UTILITY_DEVICES
17-09-18 00:52:41: find_ini_section() - CIDR-Mathcing found!DC2_EXT_UTILITY_DEVICES
17-09-18 00:52:43: find_ini_section() - CIDR-Mathcing found!DC2_EXT_UTILITY_DEVICES
17-09-18 00:54:56: find_ini_section() - CIDR-Mathcing found!DC2_EXT_UTILITY_DEVICES
17-09-18 00:55:07: find_ini_section() - CIDR-Mathcing found!DC2_EXT_UTILITY_DEVICES
17-09-18 01:02:50: find_ini_section() - CIDR-Mathcing found!DC2_EXT_UTILITY_DEVICES
17-09-18 01:02:57: find_ini_section() - CIDR-Mathcing found!DC2_EXT_UTILITY_DEVICES
17-09-18 01:07:16: find_ini_section() - CIDR-Mathcing found!DC2_EXT_UTILITY_DEVICES
17-09-18 01:07:21: find_ini_section() - CIDR-Mathcing found!DC2_EXT_UTILITY_DEVICES
17-09-18 01:24:20: find_ini_section() - CIDR-Mathcing found!DC2_EXT_UTILITY_DEVICES
17-09-18 01:24:32: find_ini_section() - CIDR-Mathcing found!DC2_EXT_UTILITY_DEVICES
17-09-18 01:25:07: find_ini_section() - CIDR-Mathcing found!DC2_EXT_UTILITY_DEVICES
17-09-18 01:25:09: find_ini_section() - CIDR-Mathcing found!DC2_EXT_UTILITY_DEVICES
17-09-18 01:32:45: find_ini_section() - CIDR-Mathcing found!DC2_EXT_UTILITY_DEVICES
17-09-18 01:32:50: find_ini_section() - CIDR-Mathcing found!DC2_EXT_UTILITY_DEVICES
17-09-20 22:00:18: find_ini_section() - CIDR-Mathcing found!DC2_EXT_UTILITY_DEVICES
17-09-20 22:19:13: find_ini_section() - CIDR-Mathcing found!DC2_EXT_UTILITY_DEVICES
17-09-20 22:20:04: find_ini_section() - CIDR-Mathcing found!DC2_EXT_UTILITY_DEVICES
17-09-20 22:20:06: find_ini_section() - CIDR-Mathcing found!DC2_EXT_UTILITY_DEVICES
17-09-20 22:21:30: find_ini_section() - CIDR-Mathcing found!DC2_EXT_UTILITY_DEVICES
17-09-20 22:21:34: find_ini_section() - CIDR-Mathcing found!DC2_EXT_UTILITY_DEVICES
17-09-20 22:22:30: find_ini_section() - CIDR-Mathcing found!DC2_EXT_UTILITY_DEVICES
17-09-20 22:22:34: find_ini_section() - CIDR-Mathcing found!DC2_EXT_UTILITY_DEVICES
17-09-20 22:27:04: find_ini_section() - CIDR-Mathcing found!DC2_EXT_UTILITY_DEVICES
17-09-20 22:27:13: find_ini_section() - CIDR-Mathcing found!DC2_EXT_UTILITY_DEVICES
17-09-20 22:27:33: find_ini_section() - CIDR-Mathcing found!DC2_EXT_UTILITY_DEVICES
17-09-20 22:27:36: find_ini_section() - CIDR-Mathcing found!DC2_EXT_UTILITY_DEVICES
17-09-20 22:28:11: find_ini_section() - CIDR-Mathcing found!DC2_EXT_UTILITY_DEVICES
17-09-20 22:28:14: find_ini_section() - CIDR-Mathcing found!DC2_EXT_UTILITY_DEVICES
17-09-20 22:29:49: find_ini_section() - CIDR-Mathcing found!DC2_EXT_UTILITY_DEVICES
17-09-20 22:29:51: find_ini_section() - CIDR-Mathcing found!DC2_EXT_UTILITY_DEVICES
17-09-20 22:30:45: find_ini_section() - CIDR-Mathcing found!DC2_EXT_UTILITY_DEVICES
17-09-20 22:30:49: find_ini_section() - CIDR-Mathcing found!DC2_EXT_UTILITY_DEVICES
17-09-20 22:32:29: find_ini_section() - CIDR-Mathcing found!DC2_EXT_UTILITY_DEVICES
17-09-20 22:32:31: find_ini_section() - CIDR-Mathcing found!DC2_EXT_UTILITY_DEVICES
17-09-20 22:33:51: find_ini_section() - CIDR-Mathcing found!DC2_EXT_UTILITY_DEVICES
17-09-20 22:33:53: find_ini_section() - CIDR-Mathcing found!DC2_EXT_UTILITY_DEVICES
17-09-20 22:41:02: find_ini_section() - CIDR-Mathcing found!DC2_EXT_UTILITY_DEVICES
17-09-20 22:41:03: find_ini_section() - CIDR-Mathcing found!DC2_EXT_UTILITY_DEVICES
17-09-20 22:41:50: find_ini_section() - CIDR-Mathcing found!DC2_EXT_UTILITY_DEVICES
17-09-20 22:41:54: find_ini_section() - CIDR-Mathcing found!DC2_EXT_UTILITY_DEVICES
17-09-20 22:43:30: find_ini_section() - CIDR-Mathcing found!DC2_EXT_UTILITY_DEVICES
17-09-20 22:43:32: find_ini_section() - CIDR-Mathcing found!DC2_EXT_UTILITY_DEVICES
17-09-20 22:44:26: find_ini_section() - CIDR-Mathcing found!DC2_EXT_UTILITY_DEVICES
17-09-20 22:44:28: find_ini_section() - CIDR-Mathcing found!DC2_EXT_UTILITY_DEVICES
17-09-20 22:45:06: find_ini_section() - CIDR-Mathcing found!DC2_EXT_UTILITY_DEVICES
17-09-20 22:45:08: find_ini_section() - CIDR-Mathcing found!DC2_EXT_UTILITY_DEVICES
17-09-20 22:45:26: find_ini_section() - CIDR-Mathcing found!DC2_EXT_UTILITY_DEVICES
17-09-20 22:45:28: find_ini_section() - CIDR-Mathcing found!DC2_EXT_UTILITY_DEVICES
17-09-20 22:46:25: find_ini_section() - CIDR-Mathcing found!DC2_EXT_UTILITY_DEVICES
17-09-20 22:46:27: find_ini_section() - CIDR-Mathcing found!DC2_EXT_UTILITY_DEVICES
17-09-20 22:46:47: find_ini_section() - CIDR-Mathcing found!DC2_EXT_UTILITY_DEVICES
17-09-20 22:46:49: find_ini_section() - CIDR-Mathcing found!DC2_EXT_UTILITY_DEVICES
17-09-20 22:48:32: find_ini_section() - CIDR-Mathcing found!DC2_EXT_UTILITY_DEVICES
17-09-20 22:48:33: find_ini_section() - CIDR-Mathcing found!DC2_EXT_UTILITY_DEVICES
17-09-20 22:48:58: find_ini_section() - CIDR-Mathcing found!DC2_EXT_UTILITY_DEVICES
17-09-20 22:49:00: find_ini_section() - CIDR-Mathcing found!DC2_EXT_UTILITY_DEVICES
17-09-20 22:50:25: find_ini_section() - CIDR-Mathcing found!DC2_EXT_UTILITY_DEVICES
17-09-20 22:50:28: find_ini_section() - CIDR-Mathcing found!DC2_EXT_UTILITY_DEVICES
17-09-20 22:51:53: find_ini_section() - CIDR-Mathcing found!DC2_EXT_UTILITY_DEVICES
17-09-20 22:51:55: find_ini_section() - CIDR-Mathcing found!DC2_EXT_UTILITY_DEVICES
17-09-20 22:52:40: find_ini_section() - CIDR-Mathcing found!DC2_EXT_UTILITY_DEVICES
17-09-20 22:52:42: find_ini_section() - CIDR-Mathcing found!DC2_EXT_UTILITY_DEVICES
17-09-20 22:52:54: find_ini_section() - CIDR-Mathcing found!DC2_EXT_UTILITY_DEVICES
17-09-20 22:52:56: find_ini_section() - CIDR-Mathcing found!DC2_EXT_UTILITY_DEVICES
17-09-20 23:01:04: find_ini_section() - CIDR-Mathcing found!DC2_EXT_UTILITY_DEVICES
17-09-20 23:01:06: find_ini_section() - CIDR-Mathcing found!DC2_EXT_UTILITY_DEVICES
17-09-20 23:02:52: find_ini_section() - CIDR-Mathcing found!DC2_EXT_UTILITY_DEVICES
17-09-20 23:02:53: find_ini_section() - CIDR-Mathcing found!DC2_EXT_UTILITY_DEVICES
17-09-20 23:03:51: find_ini_section() - CIDR-Mathcing found!DC2_EXT_UTILITY_DEVICES
17-09-20 23:03:53: find_ini_section() - CIDR-Mathcing found!DC2_EXT_UTILITY_DEVICES
17-09-20 23:06:01: find_ini_section() - CIDR-Mathcing found!DC2_EXT_UTILITY_DEVICES
17-09-20 23:06:03: find_ini_section() - CIDR-Mathcing found!DC2_EXT_UTILITY_DEVICES
17-09-20 23:08:20: find_ini_section() - CIDR-Mathcing found!DC2_EXT_UTILITY_DEVICES
17-09-20 23:09:39: find_ini_section() - CIDR-Mathcing found!DC2_EXT_UTILITY_DEVICES
17-09-20 23:11:17: find_ini_section() - CIDR-Mathcing found!DC2_EXT_UTILITY_DEVICES
17-09-21 00:19:22: find_ini_section() - CIDR-Mathcing found!DC2_EXT_UTILITY_DEVICES
17-09-21 00:29:00: find_ini_section() - CIDR-Mathcing found!DC2_EXT_UTILITY_DEVICES
17-09-21 00:31:28: find_ini_section() - CIDR-Mathcing found!DC2_EXT_UTILITY_DEVICES
17-09-21 00:33:05: find_ini_section() - CIDR-Mathcing found!DC2_EXT_UTILITY_DEVICES
17-09-21 00:33:57: find_ini_section() - CIDR-Mathcing found!DC2_EXT_UTILITY_DEVICES
17-09-21 00:35:17: find_ini_section() - CIDR-Mathcing found!DC2_EXT_UTILITY_DEVICES
17-09-21 00:36:24: find_ini_section() - CIDR-Mathcing found!DC2_EXT_UTILITY_DEVICES
17-09-21 00:37:12: find_ini_section() - CIDR-Mathcing found!DC2_EXT_UTILITY_DEVICES
17-09-21 00:37:26: find_ini_section() - CIDR-Mathcing found!DC2_EXT_UTILITY_DEVICES
17-09-21 00:37:46: find_ini_section() - CIDR-Mathcing found!DC2_EXT_UTILITY_DEVICES
17-09-21 00:38:09: find_ini_section() - CIDR-Mathcing found!DC2_EXT_UTILITY_DEVICES
17-09-21 00:38:50: find_ini_section() - CIDR-Mathcing found!DC2_EXT_UTILITY_DEVICES
17-09-21 00:39:38: find_ini_section() - CIDR-Mathcing found!DC2_EXT_UTILITY_DEVICES
17-09-21 00:41:13: find_ini_section() - CIDR-Mathcing found!DC2_EXT_UTILITY_DEVICES
17-09-21 00:43:19: find_ini_section() - CIDR-Mathcing found!DC2_EXT_UTILITY_DEVICES
17-09-21 00:53:22: find_ini_section() - CIDR-Mathcing found!DC2_EXT_UTILITY_DEVICES
17-09-21 00:54:31: find_ini_section() - CIDR-Mathcing found!DC2_EXT_UTILITY_DEVICES
17-09-21 00:59:03: find_ini_section() - CIDR-Mathcing found!DC2_EXT_UTILITY_DEVICES
17-09-21 00:59:30: find_ini_section() - CIDR-Mathcing found!DC2_EXT_UTILITY_DEVICES
17-09-21 01:01:55: find_ini_section() - CIDR-Mathcing found!DC2_EXT_UTILITY_DEVICES
17-09-21 01:27:08: find_ini_section() - CIDR-Mathcing found!DC2_EXT_UTILITY_DEVICES
17-09-21 01:31:53: find_ini_section() - CIDR-Mathcing found!DC2_EXT_UTILITY_DEVICES
17-09-21 01:35:38: find_ini_section() - CIDR-Mathcing found!DC2_EXT_UTILITY_DEVICES
17-09-21 01:55:19: find_ini_section() - CIDR-Mathcing found!DC2_EXT_UTILITY_DEVICES
17-09-21 01:59:14: find_ini_section() - CIDR-Mathcing found!DC2_EXT_UTILITY_DEVICES
17-09-21 02:15:44: find_ini_section() - CIDR-Mathcing found!DC2_EXT_UTILITY_DEVICES
17-09-21 02:16:52: find_ini_section() - CIDR-Mathcing found!DC2_EXT_UTILITY_DEVICES
17-09-21 02:18:11: find_ini_section() - CIDR-Mathcing found!DC2_EXT_UTILITY_DEVICES
17-09-21 02:19:28: find_ini_section() - CIDR-Mathcing found!DC2_EXT_UTILITY_DEVICES
17-09-21 02:21:26: find_ini_section() - CIDR-Mathcing found!DC2_EXT_UTILITY_DEVICES
17-09-21 23:12:25: find_ini_section() - CIDR-Mathcing found!DC2_EXT_UTILITY_DEVICES
17-09-21 23:13:03: find_ini_section() - CIDR-Mathcing found!DC2_EXT_UTILITY_DEVICES
17-09-23 14:38:46: find_ini_section() - CIDR-Mathcing found!DC2_EXT_UTILITY_DEVICES
17-09-23 14:39:08: find_ini_section() - CIDR-Mathcing found!DC2_EXT_UTILITY_DEVICES
17-09-23 14:39:21: find_ini_section() - CIDR-Mathcing found!DC2_EXT_UTILITY_DEVICES
17-09-23 22:42:18: find_ini_section() - CIDR-Mathcing found!DC2_EXT_UTILITY_DEVICES
17-09-23 22:42:35: find_ini_section() - CIDR-Mathcing found!DC2_EXT_UTILITY_DEVICES
17-09-23 22:43:37: find_ini_section() - CIDR-Mathcing found!DC2_EXT_UTILITY_DEVICES
17-09-23 22:47:59: find_ini_section() - CIDR-Mathcing found!DC2_EXT_UTILITY_DEVICES
17-09-23 22:49:46: find_ini_section() - CIDR-Mathcing found!DC2_EXT_UTILITY_DEVICES
17-09-23 22:50:36: find_ini_section() - CIDR-Mathcing found!DC2_EXT_UTILITY_DEVICES
17-09-23 22:51:21: find_ini_section() - CIDR-Mathcing found!DC2_EXT_UTILITY_DEVICES
17-09-23 22:51:44: find_ini_section() - CIDR-Mathcing found!DC2_EXT_UTILITY_DEVICES
17-09-23 22:53:11: find_ini_section() - CIDR-Mathcing found!DC2_EXT_UTILITY_DEVICES
17-09-24 02:51:56: find_ini_section() - CIDR-Mathcing found!DC2_EXT_UTILITY_DEVICES
17-09-24 02:59:21: find_ini_section() - CIDR-Mathcing found!DC2_EXT_UTILITY_DEVICES
17-09-24 03:00:27: find_ini_section() - CIDR-Mathcing found!DC2_EXT_UTILITY_DEVICES
17-09-24 03:01:13: find_ini_section() - CIDR-Mathcing found!DC2_EXT_UTILITY_DEVICES
17-09-24 03:03:37: find_ini_section() - CIDR-Mathcing found!DC2_EXT_UTILITY_DEVICES
17-09-24 03:03:45: find_ini_section() - CIDR-Mathcing found!DC2_EXT_UTILITY_DEVICES
17-09-24 03:13:53: find_ini_section() - CIDR-Mathcing found!DC2_EXT_UTILITY_DEVICES
17-09-24 03:15:06: find_ini_section() - CIDR-Mathcing found!DC2_EXT_UTILITY_DEVICES
17-09-24 03:26:08: find_ini_section() - CIDR-Mathcing found!DC2_EXT_UTILITY_DEVICES
17-09-24 16:10:30: find_ini_section() - CIDR-Mathcing found!DC2_EXT_UTILITY_DEVICES
17-09-24 16:30:07: find_ini_section() - CIDR-Mathcing found!DC2_EXT_UTILITY_DEVICES
17-09-24 16:31:38: find_ini_section() - CIDR-Mathcing found!DC2_EXT_UTILITY_DEVICES
17-09-24 16:33:17: find_ini_section() - CIDR-Mathcing found!DC2_EXT_UTILITY_DEVICES
17-09-24 16:34:16: find_ini_section() - CIDR-Mathcing found!DC2_EXT_UTILITY_DEVICES
17-09-24 16:34:59: find_ini_section() - CIDR-Mathcing found!DC2_EXT_UTILITY_DEVICES
17-09-24 16:35:25: find_ini_section() - CIDR-Mathcing found!DC2_EXT_UTILITY_DEVICES
17-09-24 16:36:51: find_ini_section() - CIDR-Mathcing found!DC2_EXT_UTILITY_DEVICES
17-09-24 16:38:24: find_ini_section() - CIDR-Mathcing found!DC2_EXT_UTILITY_DEVICES
17-09-24 16:39:01: find_ini_section() - CIDR-Mathcing found!DC2_EXT_UTILITY_DEVICES
17-09-24 17:08:41: find_ini_section() - CIDR-Mathcing found!DC2_EXT_UTILITY_DEVICES
17-09-24 17:09:30: find_ini_section() - CIDR-Mathcing found!DC2_EXT_UTILITY_DEVICES
17-09-24 17:09:54: find_ini_section() - CIDR-Mathcing found!DC2_EXT_UTILITY_DEVICES
17-09-24 17:21:45: find_ini_section() - CIDR-Mathcing found!DC2_EXT_UTILITY_DEVICES
17-09-24 20:11:00: find_ini_section() - CIDR-Mathcing found!DC2_EXT_UTILITY_DEVICES
17-09-24 20:11:47: find_ini_section() - CIDR-Mathcing found!DC2_EXT_UTILITY_DEVICES
17-09-24 20:13:36: find_ini_section() - CIDR-Mathcing found!DC2_EXT_UTILITY_DEVICES
17-09-24 20:15:01: find_ini_section() - CIDR-Mathcing found!DC2_EXT_UTILITY_DEVICES
17-09-24 20:16:47: find_ini_section() - CIDR-Mathcing found!DC2_EXT_UTILITY_DEVICES
17-09-24 20:16:59: find_ini_section() - CIDR-Mathcing found!DC2_EXT_UTILITY_DEVICES
17-09-24 20:18:23: find_ini_section() - CIDR-Mathcing found!DC2_EXT_UTILITY_DEVICES
17-09-24 20:20:31: find_ini_section() - CIDR-Mathcing found!DC2_EXT_UTILITY_DEVICES
17-09-24 21:23:49: find_ini_section() - CIDR-Mathcing found!DC2_EXT_UTILITY_DEVICES
17-09-24 21:26:18: find_ini_section() - CIDR-Mathcing found!DC2_EXT_UTILITY_DEVICES
17-09-24 21:33:23: find_ini_section() - CIDR-Mathcing found!DC2_EXT_UTILITY_DEVICES
17-09-24 21:33:55: find_ini_section() - CIDR-Mathcing found!DC2_EXT_UTILITY_DEVICES
17-09-24 21:45:23: find_ini_section() - CIDR-Mathcing found!DC2_EXT_UTILITY_DEVICES
17-09-24 21:45:53: find_ini_section() - CIDR-Mathcing found!DC2_EXT_UTILITY_DEVICES
17-09-24 21:46:47: find_ini_section() - CIDR-Mathcing found!DC2_EXT_UTILITY_DEVICES
17-09-24 22:04:56: find_ini_section() - CIDR-Mathcing found!DC2_EXT_UTILITY_DEVICES
17-09-24 22:06:43: find_ini_section() - CIDR-Mathcing found!DC2_EXT_UTILITY_DEVICES
17-09-25 01:31:58: find_ini_section() - CIDR-Mathcing found!DC2_EXT_UTILITY_DEVICES
17-09-25 01:34:48: find_ini_section() - CIDR-Mathcing found!DC2_EXT_UTILITY_DEVICES
17-09-25 02:13:01: find_ini_section() - CIDR-Mathcing found!DC2_EXT_UTILITY_DEVICES
17-09-25 02:16:39: find_ini_section() - CIDR-Mathcing found!DC2_EXT_UTILITY_DEVICES
17-09-25 02:26:59: find_ini_section() - CIDR-Mathcing found!DC2_EXT_UTILITY_DEVICES
17-09-25 02:28:11: find_ini_section() - CIDR-Mathcing found!DC2_EXT_UTILITY_DEVICES
17-09-25 02:29:04: find_ini_section() - CIDR-Mathcing found!DC2_EXT_UTILITY_DEVICES
17-09-25 02:32:07: find_ini_section() - CIDR-Mathcing found!DC2_EXT_UTILITY_DEVICES
17-09-25 02:36:00: find_ini_section() - CIDR-Mathcing found!DC2_EXT_UTILITY_DEVICES
17-09-25 02:36:40: find_ini_section() - CIDR-Mathcing found!DC2_EXT_UTILITY_DEVICES
17-09-25 02:51:03: find_ini_section() - CIDR-Mathcing found!DC2_EXT_UTILITY_DEVICES
17-09-25 02:52:21: find_ini_section() - CIDR-Mathcing found!DC2_EXT_UTILITY_DEVICES
17-09-25 02:56:07: find_ini_section() - CIDR-Mathcing found!DC2_EXT_UTILITY_DEVICES
17-09-25 02:56:40: find_ini_section() - CIDR-Mathcing found!DC2_EXT_UTILITY_DEVICES
17-09-25 21:41:01: find_ini_section() - CIDR-Mathcing found!DC2_EXT_UTILITY_DEVICES
17-09-25 21:47:57: find_ini_section() - CIDR-Mathcing found!DC2_EXT_UTILITY_DEVICES
17-09-25 21:48:30: find_ini_section() - CIDR-Mathcing found!DC2_EXT_UTILITY_DEVICES
17-09-25 21:49:33: find_ini_section() - CIDR-Mathcing found!DC2_EXT_UTILITY_DEVICES
17-09-25 21:56:24: find_ini_section() - CIDR-Mathcing found!DC2_EXT_UTILITY_DEVICES
17-09-25 22:00:23: find_ini_section() - CIDR-Mathcing found!DC2_EXT_UTILITY_DEVICES
17-09-25 22:05:45: find_ini_section() - CIDR-Mathcing found!DC2_EXT_UTILITY_DEVICES
17-09-25 22:08:29: find_ini_section() - CIDR-Mathcing found!DC2_EXT_UTILITY_DEVICES
17-09-25 22:11:21: find_ini_section() - CIDR-Mathcing found!DC2_EXT_UTILITY_DEVICES
17-09-25 22:13:31: find_ini_section() - CIDR-Mathcing found!DC2_EXT_UTILITY_DEVICES
17-09-25 22:14:09: find_ini_section() - CIDR-Mathcing found!DC2_EXT_UTILITY_DEVICES
17-09-25 22:22:18: find_ini_section() - CIDR-Mathcing found!DC2_EXT_UTILITY_DEVICES
17-09-25 22:25:27: find_ini_section() - CIDR-Mathcing found!DC2_EXT_UTILITY_DEVICES
17-09-25 22:26:47: find_ini_section() - CIDR-Mathcing found!DC2_EXT_UTILITY_DEVICES
17-09-25 22:31:51: find_ini_section() - CIDR-Mathcing found!DC2_EXT_UTILITY_DEVICES
17-09-25 22:50:12: find_ini_section() - CIDR-Mathcing found!DC2_EXT_UTILITY_DEVICES
17-09-25 23:04:48: find_ini_section() - CIDR-Mathcing found!DC2_EXT_UTILITY_DEVICES
17-09-25 23:29:08: find_ini_section() - CIDR-Mathcing found!DC2_EXT_UTILITY_DEVICES
17-09-25 23:34:58: find_ini_section() - CIDR-Mathcing found!DC2_EXT_UTILITY_DEVICES
17-09-25 23:36:17: find_ini_section() - CIDR-Mathcing found!DC2_EXT_UTILITY_DEVICES
17-09-25 23:38:07: find_ini_section() - CIDR-Mathcing found!DC2_EXT_UTILITY_DEVICES
17-09-25 23:39:19: find_ini_section() - CIDR-Mathcing found!DC2_EXT_UTILITY_DEVICES
17-09-25 23:42:15: find_ini_section() - CIDR-Mathcing found!DC2_EXT_UTILITY_DEVICES
17-09-25 23:43:09: find_ini_section() - CIDR-Mathcing found!DC2_EXT_UTILITY_DEVICES
17-09-25 23:44:40: find_ini_section() - CIDR-Mathcing found!DC2_EXT_UTILITY_DEVICES
17-09-25 23:45:18: find_ini_section() - CIDR-Mathcing found!DC2_EXT_UTILITY_DEVICES
17-09-25 23:49:49: find_ini_section() - CIDR-Mathcing found!DC2_EXT_UTILITY_DEVICES
17-09-26 00:00:50: find_ini_section() - CIDR-Mathcing found!DC2_EXT_UTILITY_DEVICES
17-09-26 00:01:15: find_ini_section() - CIDR-Mathcing found!DC2_EXT_UTILITY_DEVICES
17-09-26 00:02:30: find_ini_section() - CIDR-Mathcing found!DC2_EXT_UTILITY_DEVICES
17-09-26 00:05:53: find_ini_section() - CIDR-Mathcing found!DC2_EXT_UTILITY_DEVICES
17-09-26 00:06:02: find_ini_section() - CIDR-Mathcing found!DC2_EXT_UTILITY_DEVICES
17-09-26 00:07:54: find_ini_section() - CIDR-Mathcing found!DC2_EXT_UTILITY_DEVICES
17-09-26 00:08:08: find_ini_section() - CIDR-Mathcing found!DC2_EXT_UTILITY_DEVICES
17-09-26 00:11:19: find_ini_section() - CIDR-Mathcing found!DC2_EXT_UTILITY_DEVICES
17-09-26 00:11:25: find_ini_section() - CIDR-Mathcing found!DC2_EXT_UTILITY_DEVICES
17-09-26 00:13:56: find_ini_section() - CIDR-Mathcing found!DC2_EXT_UTILITY_DEVICES
17-09-26 00:13:59: find_ini_section() - CIDR-Mathcing found!DC2_EXT_UTILITY_DEVICES
17-09-26 00:15:09: find_ini_section() - CIDR-Mathcing found!DC2_EXT_UTILITY_DEVICES
17-09-26 00:15:36: find_ini_section() - CIDR-Mathcing found!DC2_EXT_UTILITY_DEVICES
17-09-26 22:05:39: find_ini_section() - No Section found from INI
